<?xml version="1.0" encoding="UTF-8"?>
<!-- Generated by org.testng.reporters.JUnitXMLReporter -->
<testsuite ignored="0" hostname="cboca-Inspiron-1545" failures="0" tests="3" name="Surefire test" time="8.1" errors="0" timestamp="2020-12-13T10:38:38 PST">
  <testcase classname="com.deckofcardsapi.DeckOfCardsApiPositiveTests" name="createNewDeck" time="5.36"/>
  <testcase classname="com.deckofcardsapi.DeckOfCardsApiPositiveTests" name="createNewDeckWithJoker" time="0.557"/>
  <testcase classname="com.deckofcardsapi.DeckOfCardsApiPositiveTests" name="drawCardsFromDeck" time="0.935"/>
</testsuite> <!-- Surefire test -->
