<?xml version="1.0" encoding="UTF-8"?>
<testng-results ignored="0" total="3" passed="3" failed="0" skipped="0">
  <reporter-output>
  </reporter-output>
  <suite started-at="2020-12-13T10:38:30 PST" name="Surefire suite" finished-at="2020-12-13T10:38:38 PST" duration-ms="8100">
    <groups>
    </groups>
    <test started-at="2020-12-13T10:38:30 PST" name="Surefire test" finished-at="2020-12-13T10:38:38 PST" duration-ms="8100">
      <class name="com.deckofcardsapi.DeckOfCardsApiPositiveTests">
        <test-method is-config="true" signature="setup()[pri:0, instance:com.deckofcardsapi.DeckOfCardsApiPositiveTests@74a10858]" started-at="2020-12-13T10:38:30 PST" name="setup" finished-at="2020-12-13T10:38:31 PST" duration-ms="1184" status="PASS">
          <reporter-output>
          </reporter-output>
        </test-method> <!-- setup -->
        <test-method signature="createNewDeck()[pri:10, instance:com.deckofcardsapi.DeckOfCardsApiPositiveTests@74a10858]" started-at="2020-12-13T10:38:31 PST" name="createNewDeck" finished-at="2020-12-13T10:38:37 PST" duration-ms="5360" status="PASS">
          <reporter-output>
          </reporter-output>
        </test-method> <!-- createNewDeck -->
        <test-method signature="createNewDeckWithJoker()[pri:20, instance:com.deckofcardsapi.DeckOfCardsApiPositiveTests@74a10858]" started-at="2020-12-13T10:38:37 PST" name="createNewDeckWithJoker" finished-at="2020-12-13T10:38:37 PST" duration-ms="557" status="PASS">
          <reporter-output>
          </reporter-output>
        </test-method> <!-- createNewDeckWithJoker -->
        <test-method signature="drawCardsFromDeck()[pri:30, instance:com.deckofcardsapi.DeckOfCardsApiPositiveTests@74a10858]" started-at="2020-12-13T10:38:37 PST" name="drawCardsFromDeck" finished-at="2020-12-13T10:38:38 PST" duration-ms="935" status="PASS">
          <reporter-output>
          </reporter-output>
        </test-method> <!-- drawCardsFromDeck -->
        <test-method is-config="true" signature="tearDown()[pri:0, instance:com.deckofcardsapi.DeckOfCardsApiPositiveTests@74a10858]" started-at="2020-12-13T10:38:38 PST" name="tearDown" finished-at="2020-12-13T10:38:38 PST" duration-ms="6" status="PASS">
          <reporter-output>
          </reporter-output>
        </test-method> <!-- tearDown -->
      </class> <!-- com.deckofcardsapi.DeckOfCardsApiPositiveTests -->
    </test> <!-- Surefire test -->
  </suite> <!-- Surefire suite -->
</testng-results>
