<?xml version="1.0" encoding="UTF-8"?>
<testsuite xmlns:xsi="http://www.w3.org/2001/XMLSchema-instance" xsi:noNamespaceSchemaLocation="https://maven.apache.org/surefire/maven-surefire-plugin/xsd/surefire-test-report.xsd" name="com.deckofcardsapi.DeckOfCardsApiNegativeTests" time="11.011" tests="5" errors="0" skipped="0" failures="1">
  <properties>
[...]
</properties>
  <testcase name="createDeckAndDrawZeroCards" classname="com.deckofcardsapi.DeckOfCardsApiNegativeTests" time="5.719"/>
  <testcase name="createDeckAndDrawAllCards" classname="com.deckofcardsapi.DeckOfCardsApiNegativeTests" time="1.012"/>
  <testcase name="createDeckAndOverDraw" classname="com.deckofcardsapi.DeckOfCardsApiNegativeTests" time="0.674"/>
  <testcase name="drawCardsOnEmptyDeck" classname="com.deckofcardsapi.DeckOfCardsApiNegativeTests" time="0.972"/>
  <testcase name="inputInvalidCountValue" classname="com.deckofcardsapi.DeckOfCardsApiNegativeTests" time="0.753">
    <failure message="1 expectation failed.&#10;Expected status code &lt;200&gt; but was &lt;500&gt;.&#10;" type="java.lang.AssertionError"><![CDATA[java.lang.AssertionError: 
1 expectation failed.
Expected status code <200> but was <500>.

	at com.deckofcardsapi.DeckOfCardsApiNegativeTests.inputInvalidCountValue(DeckOfCardsApiNegativeTests.java:80)
]]></failure>
    <system-out><![CDATA[[INFO ] 2020-12-13 10:38:13.670 [main] DeckOfCardsApiNegativeTests : --> verifyInvalidCountValue test method running
]]></system-out>
  </testcase>
</testsuite>